app/build/intermediates/manifest_merge_blame_file/debug/manifest-merger-blame-debug-report.txt
1<?xml version="1.0" encoding="utf-8"?>
2<manifest xmlns:amazon="http://schemas.amazon.com/apk/res/android"
3    xmlns:android="http://schemas.android.com/apk/res/android"
4    package="com.example.testa3lapplication"
5    android:versionCode="1"
6    android:versionName="1.0" >
7
8    <uses-sdk
9        android:minSdkVersion="21"
9-->src/main/AndroidManifest.xml
10        android:targetSdkVersion="31" />
10-->src/main/AndroidManifest.xml
11
12    <!--
13   This permission ensures that no other application can intercept your ADM messages. It
14   should have the form packagename.permission.RECIEVE_ADM_MESSAGE where packagename is the
15   name defined in the "package" property of the manifest tag.
16    -->
17    <permission
17-->src/main/AndroidManifest.xml:9:5-10:46
18        android:name="com.example.testa3lapplication.permission.RECEIVE_ADM_MESSAGE"
18-->src/main/AndroidManifest.xml:9:17-93
19        android:protectionLevel="signature" />
19-->src/main/AndroidManifest.xml:10:9-44
20    <!-- <uses-permission android:name="android.permission.INTERNET”/> -->
21
22
23    <!-- Required permissions -->
24    <uses-permission android:name="com.amazon.sample.admmessenger.permission.RECEIVE_ADM_MESSAGE" />
24-->src/main/AndroidManifest.xml:14:5-100
24-->src/main/AndroidManifest.xml:14:22-98
25    <uses-permission android:name="com.amazon.device.messaging.permission.RECEIVE" />
25-->src/main/AndroidManifest.xml:15:5-85
25-->src/main/AndroidManifest.xml:15:22-83
26    <uses-permission android:name="android.permission.INTERNET" />
26-->src/main/AndroidManifest.xml:16:5-66
26-->src/main/AndroidManifest.xml:16:22-64
27    <uses-permission android:name="android.permission.WAKE_LOCK" />
27-->src/main/AndroidManifest.xml:17:5-67
27-->src/main/AndroidManifest.xml:17:22-65
28
29    <application
29-->src/main/AndroidManifest.xml:19:5-74:19
30        android:allowBackup="true"
30-->src/main/AndroidManifest.xml:20:9-35
31        android:appComponentFactory="androidx.core.app.CoreComponentFactory"
31-->[androidx.core:core:1.7.0] AndroidManifest.xml:24:18-86
32        android:debuggable="true"
33        android:icon="@mipmap/ic_launcher"
33-->src/main/AndroidManifest.xml:21:9-43
34        android:label="@string/app_name"
34-->src/main/AndroidManifest.xml:22:9-41
35        android:roundIcon="@mipmap/ic_launcher_round"
35-->src/main/AndroidManifest.xml:23:9-54
36        android:supportsRtl="true"
36-->src/main/AndroidManifest.xml:24:9-35
37        android:testOnly="true"
38        android:theme="@style/Theme.TestA3LApplication" >
38-->src/main/AndroidManifest.xml:25:9-56
39        <activity
39-->src/main/AndroidManifest.xml:27:9-37:20
40            android:name="com.example.testa3lapplication.MainActivity"
40-->src/main/AndroidManifest.xml:28:13-41
41            android:exported="true"
41-->src/main/AndroidManifest.xml:31:13-36
42            android:label="@string/app_name"
42-->src/main/AndroidManifest.xml:30:13-45
43            android:screenOrientation="portrait" >
43-->src/main/AndroidManifest.xml:29:13-49
44            <intent-filter>
44-->src/main/AndroidManifest.xml:32:13-36:29
45                <action android:name="android.intent.action.MAIN" />
45-->src/main/AndroidManifest.xml:33:17-69
45-->src/main/AndroidManifest.xml:33:25-66
46
47                <category android:name="android.intent.category.LAUNCHER" />
47-->src/main/AndroidManifest.xml:35:17-77
47-->src/main/AndroidManifest.xml:35:27-74
48            </intent-filter>
49        </activity>
50
51        <!-- <receiver android:name=".MyA3LMessagingService" -->
52        <!-- android:exported="false" -->
53        <!-- android:enabled="true"> -->
54        <!-- <intent-filter> -->
55        <!-- <action android:name="com.amazon.A3L.messaging.intent.REGISTRATION"/> -->
56        <!-- <action android:name="com.amazon.A3L.messaging.intent.MESSAGE"/> -->
57        <!-- </intent-filter> -->
58        <!-- </receiver> -->
59
60
61        <!-- <meta-data android:name="com.a3l.clsName" -->
62        <!-- android:value="com.example.testa3lapplication.MyA3LMessagingService" /> -->
63
64
65        <!-- Declare your ADMMessageHandlerBase implementation as a service -->
66
67
68        <!-- Declare your ADMMessageHandlerJobBase implementation as a service -->
69        <service
69-->src/main/AndroidManifest.xml:54:9-56:71
70            android:name="com.example.testa3lapplication.SampleADMMessageHandlerJobBase"
70-->src/main/AndroidManifest.xml:54:18-94
71            android:exported="false"
71-->src/main/AndroidManifest.xml:55:13-37
72            android:permission="android.permission.BIND_JOB_SERVICE" />
72-->src/main/AndroidManifest.xml:56:13-69
73
74        <!--
75        You must explicitly enable ADM. You must also declare whether your application will run with or without ADM.
76        If you specify android:required="false", your app must degrade gracefully when ADM is unavailable.
77        -->
78        <amazon:enable-feature
78-->src/main/AndroidManifest.xml:60:9-61:40
79            android:name="com.amazon.device.messaging"
79-->src/main/AndroidManifest.xml:60:32-74
80            android:required="false" />
80-->src/main/AndroidManifest.xml:61:13-37
81
82        <receiver
82-->src/main/AndroidManifest.xml:63:9-73:20
83            android:name="com.example.testa3lapplication.SampleADMMessageReceiver"
83-->src/main/AndroidManifest.xml:64:13-83
84            android:exported="true"
84-->src/main/AndroidManifest.xml:66:13-36
85            android:permission="com.amazon.device.messaging.permission.SEND" >
85-->src/main/AndroidManifest.xml:65:13-77
86            <intent-filter>
86-->src/main/AndroidManifest.xml:68:13-72:29
87                <action android:name="com.amazon.device.messaging.intent.REGISTRATION" />
87-->src/main/AndroidManifest.xml:69:17-90
87-->src/main/AndroidManifest.xml:69:25-87
88                <action android:name="com.amazon.device.messaging.intent.RECEIVE" />
88-->src/main/AndroidManifest.xml:70:17-85
88-->src/main/AndroidManifest.xml:70:25-82
89
90                <category android:name="com.amazon.sample.admmessenger" />
90-->src/main/AndroidManifest.xml:71:17-74
90-->src/main/AndroidManifest.xml:71:27-72
91            </intent-filter>
92        </receiver>
93
94        <provider
94-->[androidx.emoji2:emoji2:1.0.0] AndroidManifest.xml:26:9-34:20
95            android:name="androidx.startup.InitializationProvider"
95-->[androidx.emoji2:emoji2:1.0.0] AndroidManifest.xml:27:13-67
96            android:authorities="com.example.testa3lapplication.androidx-startup"
96-->[androidx.emoji2:emoji2:1.0.0] AndroidManifest.xml:28:13-68
97            android:exported="false" >
97-->[androidx.emoji2:emoji2:1.0.0] AndroidManifest.xml:29:13-37
98            <meta-data
98-->[androidx.emoji2:emoji2:1.0.0] AndroidManifest.xml:31:13-33:52
99                android:name="androidx.emoji2.text.EmojiCompatInitializer"
99-->[androidx.emoji2:emoji2:1.0.0] AndroidManifest.xml:32:17-75
100                android:value="androidx.startup" />
100-->[androidx.emoji2:emoji2:1.0.0] AndroidManifest.xml:33:17-49
101            <meta-data
101-->[androidx.lifecycle:lifecycle-process:2.4.0] AndroidManifest.xml:31:13-33:52
102                android:name="androidx.lifecycle.ProcessLifecycleInitializer"
102-->[androidx.lifecycle:lifecycle-process:2.4.0] AndroidManifest.xml:32:17-78
103                android:value="androidx.startup" />
103-->[androidx.lifecycle:lifecycle-process:2.4.0] AndroidManifest.xml:33:17-49
104        </provider>
105    </application>
106
107</manifest>